1727522303069:help
1727522382983:hello
1727537668853:help
1727537674153:show-allparcels
1727537681238:show-all-parcels
1727537883224:help
1727537888560:show-all-parcels
1727538120598:help
1727538128171:show-all-parcels
1727538819437:help
1727538825080:show-all-parcels
1727539162691:help
1727539167612:show-allparcels
1727539173083:show-all-parcels
1727539300021:help
1727539305381:show-all-parcels
1727539368618:help
1727539373974:show-all-parcels
1727540068787:help
1727540076510:show-all-parcels
1727540083522:help
1727540104240:change-symbol Штанга $
1727540117550:show-all-parcels
1727540795836:help
1727540802400:show-all-parcels
1727540831313:help
1727540853246:change-symbol Штанга !
1727540862427:show-all-parcels
1727541125295:help
1727541138709:shange-symbol Табурет !
1727541152157:change-symbol Табурет !
1727542255134:help
1727542262946:show-all-parcels
1727542277808:help
1727542327264:change-parcel-form Табурет %%%%%\\n%\\n%%%%%%%%%%
1727542423155:help
1727542444296:change-parcel-form Табурет %%%%\\n%\\n%%%%%%%%%
